<?xml version="1.0" encoding="UTF-8"?>
<!-- Generated by org.testng.reporters.JUnitXMLReporter -->
<testsuite hostname="NAGRE" name="Default test" tests="3" failures="0" timestamp="2 May 2020 13:38:45 GMT" time="1.82" errors="0">
  <testcase name="testFormFill" time="0.041" classname="ReadyAnnotations.TestNGParameterExcelReading"/>
  <testcase name="testFormFill" time="0.002" classname="ReadyAnnotations.TestNGParameterExcelReading"/>
  <testcase name="testFormFill" time="0.001" classname="ReadyAnnotations.TestNGParameterExcelReading"/>
</testsuite> <!-- Default test -->
