<?xml version="1.0" encoding="UTF-8"?>
<testng-results skipped="0" failed="0" total="3" passed="3">
  <reporter-output>
  </reporter-output>
  <suite name="Default suite" duration-ms="1820" started-at="2020-05-02T13:38:43Z" finished-at="2020-05-02T13:38:45Z">
    <groups>
    </groups>
    <test name="Default test" duration-ms="1820" started-at="2020-05-02T13:38:43Z" finished-at="2020-05-02T13:38:45Z">
      <class name="ReadyAnnotations.TestNGParameterExcelReading">
        <test-method status="PASS" signature="testFormFill(java.lang.String, java.lang.String, java.lang.String)[pri:0, instance:ReadyAnnotations.TestNGParameterExcelReading@2cfb4a64]" name="testFormFill" duration-ms="41" started-at="2020-05-02T19:08:45Z" data-provider="getData" finished-at="2020-05-02T19:08:45Z">
          <params>
            <param index="0">
              <value>
                <![CDATA[Amol]]>
              </value>
            </param>
            <param index="1">
              <value>
                <![CDATA[Amol@123]]>
              </value>
            </param>
            <param index="2">
              <value>
                <![CDATA[Y]]>
              </value>
            </param>
          </params>
          <reporter-output>
          </reporter-output>
        </test-method> <!-- testFormFill -->
        <test-method status="PASS" signature="testFormFill(java.lang.String, java.lang.String, java.lang.String)[pri:0, instance:ReadyAnnotations.TestNGParameterExcelReading@2cfb4a64]" name="testFormFill" duration-ms="2" started-at="2020-05-02T19:08:45Z" data-provider="getData" finished-at="2020-05-02T19:08:45Z">
          <params>
            <param index="0">
              <value>
                <![CDATA[Mangesh]]>
              </value>
            </param>
            <param index="1">
              <value>
                <![CDATA[M@ngesh1234]]>
              </value>
            </param>
            <param index="2">
              <value>
                <![CDATA[N]]>
              </value>
            </param>
          </params>
          <reporter-output>
          </reporter-output>
        </test-method> <!-- testFormFill -->
        <test-method status="PASS" signature="testFormFill(java.lang.String, java.lang.String, java.lang.String)[pri:0, instance:ReadyAnnotations.TestNGParameterExcelReading@2cfb4a64]" name="testFormFill" duration-ms="1" started-at="2020-05-02T19:08:45Z" data-provider="getData" finished-at="2020-05-02T19:08:45Z">
          <params>
            <param index="0">
              <value>
                <![CDATA[Shivaji]]>
              </value>
            </param>
            <param index="1">
              <value>
                <![CDATA[ShivajI@1234]]>
              </value>
            </param>
            <param index="2">
              <value>
                <![CDATA[Y]]>
              </value>
            </param>
          </params>
          <reporter-output>
          </reporter-output>
        </test-method> <!-- testFormFill -->
      </class> <!-- ReadyAnnotations.TestNGParameterExcelReading -->
    </test> <!-- Default test -->
  </suite> <!-- Default suite -->
</testng-results>
